Using pre-set license
Built from '2021.1/release' branch; Version is '2021.1.0f1 (61a549675243) revision 6399305'; Using compiler version '192528614'; Build Type 'Release'
OS: 'Windows 10 Pro; OS build 19041.867; Version 2004; 64bit' Language: 'en' Physical Memory: 16311 MB
BatchMode: 1, IsHumanControllingUs: 0, StartBugReporterOnCrash: 0, Is64bit: 1, IsPro: 0

 COMMAND LINE ARGUMENTS:
C:\Program Files\Unity\Hub\Editor\2021.1.0f1\Editor\Unity.exe
-adb2
-batchMode
-noUpm
-name
AssetImportWorker0
-projectPath
D:/Unity Projects/VRHapticGloveV3
-logFile
Logs/AssetImportWorker0.log
-srvPort
50181
Successfully changed project path to: D:/Unity Projects/VRHapticGloveV3
D:/Unity Projects/VRHapticGloveV3
Using Asset Import Pipeline V2.
Refreshing native plugins compatible for Editor in 137.46 ms, found 5 plugins.
Preloading 1 native plugins for Editor in 0.99 ms.
Initialize engine version: 2021.1.0f1 (61a549675243)
[Subsystems] Discovering subsystems at path C:/Program Files/Unity/Hub/Editor/2021.1.0f1/Editor/Data/Resources/UnitySubsystems
[Subsystems] Discovering subsystems at path D:/Unity Projects/VRHapticGloveV3/Assets
GfxDevice: creating device client; threaded=0; jobified=0
Direct3D:
    Version:  Direct3D 11.0 [level 11.1]
    Renderer: NVIDIA GeForce GTX 1650 SUPER (ID=0x2187)
    Vendor:   NVIDIA
    VRAM:     3955 MB
    Driver:   27.21.14.6079
Shader 'Oculus/OVRMRCameraFrameLit': fallback shader 'Alpha-Diffuse' not found
Initialize mono
Mono path[0] = 'C:/Program Files/Unity/Hub/Editor/2021.1.0f1/Editor/Data/Managed'
Mono path[1] = 'C:/Program Files/Unity/Hub/Editor/2021.1.0f1/Editor/Data/MonoBleedingEdge/lib/mono/unityjit'
Mono config path = 'C:/Program Files/Unity/Hub/Editor/2021.1.0f1/Editor/Data/MonoBleedingEdge/etc'
Using monoOptions --debugger-agent=transport=dt_socket,embedding=1,server=y,suspend=n,address=127.0.0.1:56464
Begin MonoManager ReloadAssembly
Registering precompiled unity dll's ...
Register platform support module: C:/Program Files/Unity/Hub/Editor/2021.1.0f1/Editor/Data/PlaybackEngines/WindowsStandaloneSupport/UnityEditor.WindowsStandalone.Extensions.dll
Registered in 0.002838 seconds.
Native extension for WindowsStandalone target not found
Refreshing native plugins compatible for Editor in 131.05 ms, found 5 plugins.
Preloading 1 native plugins for Editor in 0.07 ms.
Mono: successfully reloaded assembly
- Completed reload, in  2.445 seconds
Platform modules already initialized, skipping
Registering precompiled user dll's ...
Registered in 0.007294 seconds.
Begin MonoManager ReloadAssembly
Native extension for WindowsStandalone target not found
Refreshing native plugins compatible for Editor in 1.13 ms, found 5 plugins.
Preloading 1 native plugins for Editor in 0.07 ms.
[XR] OculusXRPlugin: registering subsystems
[XR] Unable to register display lifecyle provider: [1]
[XR] Oculus Input lifecycle provider registered.
[XR] Unable to register input lifecyle provider: [1]
[XR] OVRP version 1.57.0
Mono: successfully reloaded assembly
- Completed reload, in  1.548 seconds
Platform modules already initialized, skipping
========================================================================
Worker process is ready to serve import requests
Shader 'Oculus/OVRMRCameraFrameLit': fallback shader 'Alpha-Diffuse' not found
Launched and connected shader compiler UnityShaderCompiler.exe after 0.20 seconds
Refreshing native plugins compatible for Editor in 1.24 ms, found 5 plugins.
Preloading 1 native plugins for Editor in 0.06 ms.
Unloading 3535 Unused Serialized files (Serialized files now loaded: 0)
System memory in use before: 136.1 MB.
System memory in use after: 136.2 MB.

Unloading 45 unused Assets to reduce memory usage. Loaded Objects now: 3964.
Total: 3.576600 ms (FindLiveObjects: 0.348400 ms CreateObjectMapping: 0.174100 ms MarkObjects: 2.857200 ms  DeleteObjects: 0.195200 ms)

========================================================================
Received Import Request.
  path: Assets/Scripts/CubeHit.cs
  artifactKey: Guid(a6f8785af8aa35e4e9029bc992b294f6) Importer(815301076,1909f56bfc062723c751e8b465ee728b)
Start importing Assets/Scripts/CubeHit.cs using Guid(a6f8785af8aa35e4e9029bc992b294f6) Importer(815301076,1909f56bfc062723c751e8b465ee728b)  -> (artifact id: '56005d53c193ab3b83185c79a64bc3c3') in 0.062101 seconds 
========================================================================
Received Import Request.
  Time since last request: 0.000256 seconds.
  path: Assets/Scripts/NetworkPlayerSpawn.cs
  artifactKey: Guid(2b5ca95e1f3720b41ab8b8c3ab8a0af5) Importer(815301076,1909f56bfc062723c751e8b465ee728b)
Start importing Assets/Scripts/NetworkPlayerSpawn.cs using Guid(2b5ca95e1f3720b41ab8b8c3ab8a0af5) Importer(815301076,1909f56bfc062723c751e8b465ee728b)  -> (artifact id: '89e718445578b6a4195550c80b07a1e0') in 0.010660 seconds 
========================================================================
Received Import Request.
  Time since last request: 281.495938 seconds.
  path: Assets/Scripts/CubeHit.cs
  artifactKey: Guid(a6f8785af8aa35e4e9029bc992b294f6) Importer(815301076,1909f56bfc062723c751e8b465ee728b)
Start importing Assets/Scripts/CubeHit.cs using Guid(a6f8785af8aa35e4e9029bc992b294f6) Importer(815301076,1909f56bfc062723c751e8b465ee728b)  -> (artifact id: '9cb5683893ed4aa5ca51aae053b89a19') in 0.040624 seconds 
========================================================================
Received Prepare
Registering precompiled user dll's ...
Registered in 0.036457 seconds.
Begin MonoManager ReloadAssembly
Native extension for WindowsStandalone target not found
Refreshing native plugins compatible for Editor in 1.38 ms, found 5 plugins.
Preloading 1 native plugins for Editor in 0.06 ms.
Mono: successfully reloaded assembly
- Completed reload, in  1.374 seconds
Platform modules already initialized, skipping
Switching build target platform(19) subTarget(0) extendedPlatform(0) -> platform(13) subTarget(524288) extendedPlatform(0)
Shader 'Oculus/OVRMRCameraFrameLit': fallback shader 'Alpha-Diffuse' not found
Refreshing native plugins compatible for Editor in 1.15 ms, found 5 plugins.
Preloading 1 native plugins for Editor in 0.07 ms.
Unloading 3475 Unused Serialized files (Serialized files now loaded: 0)
System memory in use before: 131.9 MB.
System memory in use after: 132.1 MB.

Unloading 39 unused Assets to reduce memory usage. Loaded Objects now: 3969.
Total: 3.006500 ms (FindLiveObjects: 0.381700 ms CreateObjectMapping: 0.143500 ms MarkObjects: 2.371300 ms  DeleteObjects: 0.108200 ms)

AssetImportParameters requested are different than current active one (requested -> active):
  custom:graphics/normal-map-encoding: 01000000000000000000000000000000 -> 02000000000000000000000000000000
========================================================================
Received Prepare
Registering precompiled user dll's ...
Registered in 0.059154 seconds.
Begin MonoManager ReloadAssembly
Native extension for WindowsStandalone target not found
Refreshing native plugins compatible for Editor in 1.13 ms, found 5 plugins.
Preloading 1 native plugins for Editor in 0.06 ms.
Mono: successfully reloaded assembly
- Completed reload, in  1.341 seconds
Platform modules already initialized, skipping
Switching build target platform(19) subTarget(0) extendedPlatform(0) -> platform(13) subTarget(524288) extendedPlatform(0)
Shader 'Oculus/OVRMRCameraFrameLit': fallback shader 'Alpha-Diffuse' not found
Refreshing native plugins compatible for Editor in 1.12 ms, found 5 plugins.
Preloading 1 native plugins for Editor in 0.07 ms.
Unloading 3475 Unused Serialized files (Serialized files now loaded: 0)
System memory in use before: 132.0 MB.
System memory in use after: 132.2 MB.

Unloading 39 unused Assets to reduce memory usage. Loaded Objects now: 3974.
Total: 3.677100 ms (FindLiveObjects: 0.914200 ms CreateObjectMapping: 0.238100 ms MarkObjects: 2.441500 ms  DeleteObjects: 0.081700 ms)

AssetImportParameters requested are different than current active one (requested -> active):
  custom:graphics/normal-map-encoding: 01000000000000000000000000000000 -> 02000000000000000000000000000000
========================================================================
Received Prepare
Registering precompiled user dll's ...
Registered in 0.009306 seconds.
Begin MonoManager ReloadAssembly
Native extension for WindowsStandalone target not found
Refreshing native plugins compatible for Editor in 1.14 ms, found 5 plugins.
Preloading 1 native plugins for Editor in 0.06 ms.
Mono: successfully reloaded assembly
- Completed reload, in  1.794 seconds
Platform modules already initialized, skipping
Switching build target platform(19) subTarget(0) extendedPlatform(0) -> platform(13) subTarget(524288) extendedPlatform(0)
Shader 'Oculus/OVRMRCameraFrameLit': fallback shader 'Alpha-Diffuse' not found
Refreshing native plugins compatible for Editor in 2.89 ms, found 5 plugins.
Preloading 1 native plugins for Editor in 0.08 ms.
Unloading 3475 Unused Serialized files (Serialized files now loaded: 0)
System memory in use before: 132.0 MB.
System memory in use after: 132.2 MB.

Unloading 39 unused Assets to reduce memory usage. Loaded Objects now: 3979.
Total: 3.115900 ms (FindLiveObjects: 0.446100 ms CreateObjectMapping: 0.189100 ms MarkObjects: 2.403500 ms  DeleteObjects: 0.075800 ms)

AssetImportParameters requested are different than current active one (requested -> active):
  custom:graphics/normal-map-encoding: 01000000000000000000000000000000 -> 02000000000000000000000000000000
AssetImportWorkerClient::OnTransportError - code=2 error=End of file
